<?xml version="1.0" encoding="UTF-8"?>
<testng-results ignored="0" total="1" passed="1" failed="0" skipped="0">
  <reporter-output>
    <line>
      <![CDATA[The amarender bahubali]]>
    </line>
  </reporter-output>
  <suite started-at="2025-02-04T11:08:35 IST" name="Default suite" finished-at="2025-02-04T11:08:35 IST" duration-ms="302">
    <groups>
    </groups>
    <test started-at="2025-02-04T11:08:35 IST" name="Default test" finished-at="2025-02-04T11:08:35 IST" duration-ms="302">
      <class name="Company.MyDemoCommitToGithub">
        <test-method signature="Demo()[pri:0, instance:Company.MyDemoCommitToGithub@564fabc8]" started-at="2025-02-04T11:08:35 IST" name="Demo" finished-at="2025-02-04T11:08:35 IST" duration-ms="120" status="PASS">
          <reporter-output>
            <line>
              <![CDATA[The amarender bahubali]]>
            </line>
          </reporter-output>
        </test-method> <!-- Demo -->
      </class> <!-- Company.MyDemoCommitToGithub -->
    </test> <!-- Default test -->
  </suite> <!-- Default suite -->
</testng-results>
